<?xml version="1.0" encoding="UTF-8"?>
<!-- Generated by org.testng.reporters.JUnitXMLReporter -->
<testsuite hostname="LAPTOP-MSR1OJ73" ignored="0" name="Command line test" tests="5" failures="0" timestamp="2020-07-22T12:33:37 IST" time="11.513" errors="0">
  <testcase name="deleteTweet" time="0.008" classname="Kranthi.MyfirstMav.restAPITest"/>
  <testcase name="enterDefectInJira" time="0.0" classname="Kranthi.MyfirstMav.restAPITest"/>
  <testcase name="BrowserAutomation" time="11.406" classname="Kranthi.MyfirstMav.seleniumTest"/>
  <testcase name="hitURL" time="0.001" classname="Kranthi.MyfirstMav.seleniumTest"/>
  <testcase name="hitsecondURL" time="0.0" classname="Kranthi.MyfirstMav.seleniumTest"/>
</testsuite> <!-- Command line test -->
