<?xml version="1.0" encoding="UTF-8"?>
<!-- Generated by org.testng.reporters.JUnitXMLReporter -->
<testsuite ignored="0" hostname="LAPTOP-MSR1OJ73" failures="0" tests="5" name="Test" time="10.904" errors="0" timestamp="2020-07-20T21:23:03 IST">
  <testcase classname="Kranthi.MyfirstMav.restAPITest" name="deleteTweet" time="0.008"/>
  <testcase classname="Kranthi.MyfirstMav.restAPITest" name="enterDefectInJira" time="0.0"/>
  <testcase classname="Kranthi.MyfirstMav.seleniumTest" name="BrowserAutomation" time="10.837"/>
  <testcase classname="Kranthi.MyfirstMav.seleniumTest" name="hitURL" time="0.0"/>
  <testcase classname="Kranthi.MyfirstMav.seleniumTest" name="hitsecondURL" time="0.0"/>
</testsuite> <!-- Test -->
