<?xml version="1.0" encoding="UTF-8"?>
<testng-results ignored="0" total="2" passed="2" failed="0" skipped="0">
  <reporter-output>
  </reporter-output>
  <suite started-at="2020-07-20T11:29:58 IST" name="Default suite" finished-at="2020-07-20T11:29:58 IST" duration-ms="40">
    <groups>
    </groups>
    <test started-at="2020-07-20T11:29:58 IST" name="Default test" finished-at="2020-07-20T11:29:58 IST" duration-ms="40">
      <class name="Kranthi.MyfirstMav.SeleniumTest">
        <test-method signature="BrowserAutomation()[pri:0, instance:Kranthi.MyfirstMav.SeleniumTest@e1de817]" started-at="2020-07-20T11:29:58 IST" name="BrowserAutomation" finished-at="2020-07-20T11:29:58 IST" duration-ms="10" status="PASS">
          <reporter-output>
          </reporter-output>
        </test-method> <!-- BrowserAutomation -->
        <test-method signature="elementURL()[pri:0, instance:Kranthi.MyfirstMav.SeleniumTest@e1de817]" started-at="2020-07-20T11:29:58 IST" name="elementURL" finished-at="2020-07-20T11:29:58 IST" duration-ms="1" status="PASS">
          <reporter-output>
          </reporter-output>
        </test-method> <!-- elementURL -->
      </class> <!-- Kranthi.MyfirstMav.SeleniumTest -->
    </test> <!-- Default test -->
  </suite> <!-- Default suite -->
</testng-results>
